<?xml version="1.0" encoding="UTF-8"?>
<!-- Generated by org.testng.reporters.JUnitReportReporter -->
<testsuite skipped="0" hostname="WINDOWS-GIJ8QCI" name="demo.DemoClass" tests="1" failures="0" timestamp="2020-05-03T23:36:16 ICT" time="0.006" errors="0">
  <testcase name="Demo" time="0.006" classname="demo.DemoClass"/>
  <system-out/>
</testsuite> <!-- demo.DemoClass -->
