<?xml version="1.0" encoding="UTF-8"?>
<!-- Generated by org.testng.reporters.JUnitReportReporter -->
<testsuite skipped="1" hostname="WINDOWS-GIJ8QCI" name="testsuites.DemoClass1" tests="5" failures="0" timestamp="2020-05-05T21:27:10 ICT" time="0.003" errors="0">
  <testcase name="mobileLoginApp" time="0.000" classname="testsuites.DemoClass1"/>
  <system-out/>
  <testcase name="webLoginApp" time="0.000" classname="testsuites.DemoClass1"/>
  <system-out/>
  <testcase name="bpiLoginApp" time="0.003" classname="testsuites.DemoClass1"/>
  <system-out/>
  <testcase name="demo1" time="0.000" classname="testsuites.DemoClass1"/>
  <system-out/>
  <testcase name="apiLoginApp" classname="testsuites.DemoClass1">
    <skipped/>
  </testcase> <!-- apiLoginApp -->
  <system-out/>
</testsuite> <!-- testsuites.DemoClass1 -->
