<?xml version="1.0" encoding="UTF-8"?>
<!-- Generated by org.testng.reporters.JUnitReportReporter -->
<testsuite skipped="0" hostname="WINDOWS-GIJ8QCI" name="demo.DemoClass" tests="1" failures="0" timestamp="2020-05-01T23:39:11 ICT" time="0.005" errors="0">
  <testcase name="Demo" time="0.005" classname="demo.DemoClass"/>
  <system-out/>
</testsuite> <!-- demo.DemoClass -->
