<?xml version="1.0" encoding="UTF-8"?>
<!-- Generated by org.testng.reporters.JUnitReportReporter -->
<testsuite skipped="0" hostname="WINDOWS-GIJ8QCI" name="testsuites.DemoClass1" tests="1" failures="0" timestamp="2020-05-01T23:39:11 ICT" time="0.005" errors="0">
  <testcase name="webLoginCarLoan" time="0.005" classname="testsuites.DemoClass1"/>
  <system-out/>
</testsuite> <!-- testsuites.DemoClass1 -->
